<?xml version="1.0" encoding="UTF-8"?>
<testsuite xmlns:xsi="http://www.w3.org/2001/XMLSchema-instance" xsi:noNamespaceSchemaLocation="https://maven.apache.org/surefire/maven-surefire-plugin/xsd/surefire-test-report-3.0.xsd" version="3.0" name="com.playwrighttests.tests.YoutubeTest" time="61.395" tests="1" errors="0" skipped="0" failures="0">
  <properties>
[...]
</properties>
  <testcase name="testYoutubeHomepageLoads" classname="com.playwrighttests.tests.YoutubeTest" time="58.956">
    <system-err><![CDATA[[main] INFO com.playwrighttests.tests.BaseTest - === Global Test Setup Started ===
[main] INFO com.playwrighttests.utils.ConfigManager - Configuration properties loaded successfully
[main] INFO com.playwrighttests.utils.ExtentReportManager - ExtentReports initialized successfully. Report will be generated at: test-results/reports/ExtentReport_2025-05-28_09-36-44.html
[main] INFO com.playwrighttests.tests.BaseTest - Browser chromium launched successfully
[main] INFO com.playwrighttests.tests.BaseTest - === Global Test Setup Completed ===
[main] INFO com.playwrighttests.tests.BaseTest - === Test Setup Started: test-001-youtube-homepage-loads ===
[main] INFO com.playwrighttests.tests.BaseTest - === Test Setup Completed: test-001-youtube-homepage-loads ===
[main] INFO com.playwrighttests.pages.BasePage - Navigating to YouTube homepage: https://youtube.com
[main] INFO com.playwrighttests.pages.BasePage - Navigating to: https://youtube.com
[main] INFO com.playwrighttests.pages.BasePage - Validating if YouTube page is loaded
[main] INFO com.playwrighttests.pages.BasePage - Page title validated successfully
[main] INFO com.playwrighttests.utils.ScreenshotUtils - Screenshot captured: test-results/screenshots/youtube_homepage_2025-05-28_09-37-02.png
[main] INFO com.playwrighttests.pages.BasePage - Searching for: Playwright testing with Java
[main] INFO com.playwrighttests.utils.ScreenshotUtils - Screenshot captured: test-results/screenshots/youtube_search_results_2025-05-28_09-37-06.png
[main] INFO com.playwrighttests.pages.BasePage - Clicking on the first video thumbnail
[main] INFO com.playwrighttests.pages.BasePage - First video thumbnail clicked successfully
[main] INFO com.playwrighttests.pages.BasePage - Video player is now visible after clicking the first video thumbnail
[main] INFO com.playwrighttests.utils.ScreenshotUtils - Screenshot captured: test-results/screenshots/https:/www.youtube.com/watch?v=v2H1O0FJhdw&list=PLZMWkkQEwOPliOm7TkV0Ndg45cJPDthDC_first_video_played_2025-05-28_09-37-09.png
[main] INFO com.playwrighttests.pages.BasePage - Clicking on the skip button if it is visible within 15 seconds
[main] INFO com.playwrighttests.pages.BasePage - Skip button clicked successfully
[main] INFO com.playwrighttests.tests.BaseTest - === Test Teardown Started: test-001-youtube-homepage-loads ===
[main] INFO com.playwrighttests.tests.BaseTest - === Test Teardown Completed: test-001-youtube-homepage-loads ===
]]></system-err>
  </testcase>
</testsuite>