<?xml version="1.0" encoding="UTF-8"?>
<testsuite xmlns:xsi="http://www.w3.org/2001/XMLSchema-instance" xsi:noNamespaceSchemaLocation="https://maven.apache.org/surefire/maven-surefire-plugin/xsd/surefire-test-report-3.0.xsd" version="3.0" name="com.playwrighttests.tests.api.RenewLoanTest" time="3.706" tests="1" errors="0" skipped="0" failures="0">
  <properties>
[...]
</properties>
  <testcase name="testCreateLoan" classname="com.playwrighttests.tests.api.RenewLoanTest" time="3.217">
    <system-err><![CDATA[[main] INFO com.playwrighttests.tests.api.BaseApiTest - === API Test Global Setup Started ===
[main] INFO com.playwrighttests.utils.ConfigManager - Configuration properties loaded successfully
[main] INFO com.playwrighttests.utils.ExtentReportManager - ExtentReports initialized successfully. Report will be generated at: test-results/reports/ExtentReport_2025-05-30_23-02-10.html
[main] INFO com.playwrighttests.tests.api.BaseApiTest - === API Test Global Setup Completed ===
[main] INFO com.playwrighttests.tests.api.BaseApiTest - === API Test Setup Started: test-003-api-renew-loan ===
[main] INFO com.playwrighttests.utils.ApiClient - API client initialized with base URL: https://0b93d062-55ba-4f24-9ea8-c409e94c7fc3.mock.pstmn.io
[main] INFO com.playwrighttests.tests.api.BaseApiTest - === API Test Setup Completed: test-003-api-renew-loan ===
[main] INFO com.playwrighttests.utils.Service - POST request to: /cart/transactions/renewloan
[main] INFO com.playwrighttests.utils.ApiClient - Sending POST request to: /cart/transactions/renewloan
[main] INFO com.playwrighttests.utils.ApiClient - Response status: 200 OK
[main] INFO com.playwrighttests.utils.ApiClient - Response body (truncated): {
    "success": true,
    "messages": [
        "Transaction(s) has been committed successfully"
    ],
    "payload": {
        "clientTransactionId": null,
        "totalAmount": 3012.76,
        "currency": "USD",
        "transactionEmail": "Varsha.Anand@ezcorp.com",
        "customer": {
            "customerEzId": "0063445049",
            "email": "teranalondra187@gmail.com",
            "firstName": "ALONDRA",
            "lastName": "GARCIA",
            "phone": "(667)694-1610",
            "maternalLastName": "TERAN",
            "customerType": "Individual",
            "address": {
                "addressLine1": "4838 ruben marquez",
                "addressLine2": "LOPEZ MATEOS",
                "city": "CULIACAN",
                "addressState": "SI",
                "country": "Mexico",
                "postalCode": "80190",
                "streetName": "ruben marquez",
                "streetNo": null,
                "aptSuite": "4838",
                "stateCode":...
[main] INFO com.playwrighttests.tests.api.RenewLoanTest - {
    "success": true,
    "messages": [
        "Transaction(s) has been committed successfully"
    ],
    "payload": {
        "clientTransactionId": null,
        "totalAmount": 3012.76,
        "currency": "USD",
        "transactionEmail": "Varsha.Anand@ezcorp.com",
        "customer": {
            "customerEzId": "0063445049",
            "email": "teranalondra187@gmail.com",
            "firstName": "ALONDRA",
            "lastName": "GARCIA",
            "phone": "(667)694-1610",
            "maternalLastName": "TERAN",
            "customerType": "Individual",
            "address": {
                "addressLine1": "4838 ruben marquez",
                "addressLine2": "LOPEZ MATEOS",
                "city": "CULIACAN",
                "addressState": "SI",
                "country": "Mexico",
                "postalCode": "80190",
                "streetName": "ruben marquez",
                "streetNo": null,
                "aptSuite": "4838",
                "stateCode": null,
                "countryCode": null,
                "addressStateDisplayText": "Sinaloa",
                "zoneDisplayText": null,
                "block": null,
                "zone": null
            },
            "identifications": [
                {
                    "type": "CE - Carte Electoral",
                    "value": "1181126863896",
                    "isLastID": true
                }
            ],
            "middleName": "TERESA",
            "locationEzId": "85915",
            "dateOfBirth": "2002-09-27",
            "media": []
        },
        "cartContext": {
            "ipAddress": "10.251.21.45",
            "locationEzId": "85915",
            "employeeEzId": "131313149",
            "cashDrawer": null,
            "cartEzId": "CIXZO-U19AJ",
            "location": {
                "ezId": "85915",
                "name": "CLUTHIER",
                "addressLine1": "#4038 Blvd. Manuel J Clouthier",
                "addressLine2": "Col. Buenos Aires",
                "city": "Culiacan",
                "stateName": "Sinaloa",
                "zipCode": "80199",
                "countryName": "Mexico",
                "phoneNumber": "(667)135-2010",
                "openTime": "10:00",
                "closeTime": "19:00",
                "stateAlternateText": "SI",
                "stateAlternateTextMX": "SI",
                "storeHours": [
                    {
                        "dayOfWeek": "Monday through Friday",
                        "openTime": "10:00",
                        "closeTime": "19:00"
                    },
                    {
                        "dayOfWeek": "Sunday",
                        "openTime": "10:00",
                        "closeTime": "16:00"
                    },
                    {
                        "dayOfWeek": "Saturday",
                        "openTime": "10:00",
                        "closeTime": "18:00"
                    }
                ],
                "receiptLocationName": "Bazareño",
                "streetName": "Blvd. Manuel J Clouthier",
                "streetNumber": "#4038",
                "timezoneAlternateText": "America/Mexico_City",
                "daylightSavingsTimeDisplayText": "No Adjustment",
                "locale": "MX",
                "countryCode": 128003
            },
            "transactionDttm": "2025-03-10T11:30:00+0000",
            "transactionDttmLocation": "2025-03-10T05:30:00-0600",
            "applicationName": "EZSYSTEMMS",
            "transactionCustomer": null,
            "manualOverride": {
                "transactionDttm": "2025-03-10T11:30:00-0000",
                "reasonCode": "TRANSACTION_FAILURE",
                "manualImportEmployeeEzId": "131313180"
            }
        },
        "transactions": [
            {
                "transactionType": "loan_renewal",
                "transactionDetails": {
                    "amount": 3000,
                    "rewardCredit": null,
                    "firearmDetails": null,
                    "amlDataCaptured": null,
                    "transactionDate": null,
                    "signature": null,
                    "customerImages": null,
                    "renewal": {
                        "lostTicketFee": 12.76,
                        "updatedLoanAmount": 0,
                        "itemUpdates": [
                            {
                                "itemEzId": "851330247165",
                                "updatedPrincipal": 0
                            }
                        ],
                        "approvalCode": "1234",
                        "taxAmount": 413.79,
                        "amountBeforeTax": 2586.21
                    },
                    "loan": {
                        "ezId": "3053739",
                        "customerEzId": "0063445049",
                        "loanAmount": 270.7,
                        "loanDate": "2025-05-29T06:41:17-0600",
                        "dueDate": "2025-06-26",
                        "finalDueDate": "2025-07-06",
                        "paymentOptions": {
                            "dailyExtension": {
                                "amountRounded": 1.57,
                                "amountUnrounded": 1.57006,
                                "taxAmount": 0.22,
                                "amountBeforeTax": 1.35,
                                "maxExtensionDays": 27
                            },
                            "multiDayExtensions": null,
                            "redemptions": {
                                "amount": 314.66,
                                "lostTicketFee": 12.76
                            },
                            "renewals": {
                                "amount": 43.96,
                                "lostTicketFee": 12.76
                            },
                            "paydowns": null
                        },
                        "financeDetails": {
                            "financeCharge": 37.9,
                            "apr": "182.5",
                            "newMaturityDate": "2025-06-26",
                            "amountDueAtMaturityDate": "308.60",
                            "amountDueRedeemOnFinalDate": "308.6",
                            "dailyFinanceCharge": 1.35
                        },
                        "location": {
                            "ezId": "85915",
                            "name": "CLUTHIER",
                            "addressLine1": "#4038 Blvd. Manuel J Clouthier",
                            "addressLine2": "Col. Buenos Aires",
                            "city": "Culiacan",
                            "stateName": "Sinaloa",
                            "zipCode": "80199",
                            "countryName": "Mexico",
                            "phoneNumber": "(667)135-2010",
                            "openTime": "10:00",
                            "closeTime": "19:00",
                            "stateAlternateText": "SI",
                            "storeHours": [
                                {
                                    "dayOfWeek": "Monday through Friday",
                                    "openTime": "10:00",
                                    "closeTime": "19:00"
                                },
                                {
                                    "dayOfWeek": "Saturday",
                                    "openTime": "10:00",
                                    "closeTime": "18:00"
                                },
                                {
                                    "dayOfWeek": "Sunday",
                                    "openTime": "10:00",
                                    "closeTime": "16:00"
                                }
                            ],
                            "receiptLocationName": "Bazareño",
                            "streetName": "Blvd. Manuel J Clouthier",
                            "streetNumber": "#4038",
                            "timezoneAlternateText": "America/Mexico_City",
                            "daylightSavingsTimeDisplayText": "No Adjustment",
                            "locale": "MX",
                            "countryCode": 128003
                        },
                        "items": [
                            {
                                "categoryName": "Lady's Ring - Anniversary",
                                "description": "ANILLO DE 15 AÑOS 10 K PESO TOMADO 2 G",
                                "cost": 1000,
                                "ezId": "859150418769",
                                "itemCategorization": 718001,
                                "principal": 1000,
                                "rootCategoryParent": {
                                    "categoryId": 500002,
                                    "categoryName": "Jewelry"
                                },
                                "status": 157012,
                                "features": [
                                    {
                                        "attributeValue": "7",
                                        "attributeKey": "Ring Size",
                                        "attributeName": "Ring Size",
                                        "objectId": 1007723158,
                                        "featureType": "SL",
                                        "featureSet": 517322266,
                                        "elementId": null,
                                        "listId": 498
                                    }
                                ],
                                "goldColor": 701001,
                                "goldColorDisplayText": "Yellow",
                                "goldKarat": 703002,
                                "goldKaratDisplayText": "10K (.417)",
                                "gramWeight": 2,
                                "metalTypeDisplayText": "Gold",
                                "metalTypeCode": "GOLD",
                                "stoneCount": 0,
                                "stoneSet": 410140360,
                                "stones": [],
                                "additionalFeatures": [],
                                "ownerAppliedMarks": "CHEQUEO DE KILATAJE",
                                "highAppraisal": 1095,
                                "lowAppraisal": 870,
                                "itemLocation": 197530201,
                                "itemLocationName": "Jewelry Safe",
                                "jewelryGender": {
                                    "displayText": "Woman's",
                                    "alternateText": "W",
                                    "displayTextMx": "Damas",
                                    "alternateTextMx": "W"
                                },
                                "jewelryStyle": {
                                    "displayText": "Other",
                                    "alternateText": "X",
                                    "displayTextMx": "Otro",
                                    "alternateTextMx": "X"
                                },
                                "jewelryType": {
                                    "displayText": "Ring",
                                    "alternateText": "R",
                                    "displayTextMx": "Anillo",
                                    "alternateTextMx": "R"
                                }
                            }
                        ],
                        "loanEzId": "3052665",
                        "loanLocationEzId": "85915",
                        "financeChargePaidThrough": "2025-05-29",
                        "totalFinanceChargePaid": 0,
                        "apr": 1.8,
                        "hasJewelry": "T",
                        "ruleGroup": 389334,
                        "interestCharge": 798,
                        "storageCharge": 532,
                        "setUpFee": 0,
                        "policeCharge": 0,
                        "firearmHandlingCharge": 0,
                        "setUpRate": 0,
                        "additionalCharge": 0,
                        "hasPartialPayment": false,
                        "partialPaymentTempRate": 0,
                        "loanTerm": 28,
                        "dailyInterestCharge": 0.76,
                        "firstLoanEzId": "3046829",
                        "loanRuleId": 3098920,
                        "firstLoanDateMade": "2023-09-24",
                        "serviceStorageCharge": 532,
                        "interestRate": 8.4,
                        "interestRate1": 8.4,
                        "annualServiceStorageRate": 0,
                        "originalEmployeeEzId": "43302405",
                        "interestRate2": 8.4,
                        "interestChargeD76": 425.59999999999997,
                        "storageChargeD76": 283.73333333333335,
                        "setUpRateChargeD76": 0,
                        "setUpFeeD76": 0,
                        "policeChargeD76": 0,
                        "serviceFee2ChargeD76": 0,
                        "dropDays": 10,
                        "loanLostTicketFee": 11
                    },
                    "isMemberOfTheArmedForces": null,
                    "isDependentOfTheArmedForces": null
                }
            }
        ],
        "tenderIn": [
            {
                "tenderType": "CS",
                "tenderAmount": 3012.76
            }
        ],
        "tenderOut": []
    }
}
[main] INFO com.playwrighttests.tests.api.RenewLoanTest - Check For Field customerEzId
[main] INFO com.playwrighttests.tests.api.RenewLoanTest - Check for LocationEzId Value
[main] ERROR com.playwrighttests.tests.api.RenewLoanTest - locationEzId123 is missing or incorrect
[main] INFO com.playwrighttests.tests.api.RenewLoanTest - stateAlternateTextMX is present and correct
[main] INFO com.playwrighttests.tests.api.BaseApiTest - === API Test Teardown Started: test-003-api-renew-loan ===
[main] INFO com.playwrighttests.tests.api.BaseApiTest - === API Test Teardown Completed: test-003-api-renew-loan ===
]]></system-err>
  </testcase>
</testsuite>